<?xml version="1.0" encoding="UTF-8"?>
<!-- Generated by org.testng.reporters.JUnitReportReporter -->
<testsuite hostname="ROOPA" failures="0" tests="1" name="com.vtiger.login.DeleteOrg" time="25.298" errors="0" timestamp="2022-06-03T02:45:54 GMT-07:00" skipped="0">
  <testcase classname="com.vtiger.login.DeleteOrg" name="test1" time="25.298"/>
  <system-out/>
</testsuite> <!-- com.vtiger.login.DeleteOrg -->
