<?xml version="1.0" encoding="UTF-8"?>
<!-- Generated by org.testng.reporters.JUnitReportReporter -->
<testsuite hostname="ROOPA" failures="0" tests="1" name="com.vtiger.login.DynamicWebTable" time="8.686" errors="0" timestamp="2022-06-23T12:13:40 GMT-04:00" skipped="0">
  <testcase classname="com.vtiger.login.DynamicWebTable" name="test1" time="8.686"/>
  <system-out/>
</testsuite> <!-- com.vtiger.login.DynamicWebTable -->
