<?xml version="1.0" encoding="UTF-8"?>
<!-- Generated by org.testng.reporters.JUnitReportReporter -->
<testsuite hostname="ROOPA" failures="0" tests="3" name="com.vtiger.login.ValidateLoginpageTest" time="65.365" errors="0" timestamp="2022-06-02T00:43:10 GMT-07:00" skipped="0">
  <testcase classname="com.vtiger.login.ValidateLoginpageTest" name="creatloginTest" time="27.599"/>
  <system-out/>
  <testcase classname="com.vtiger.login.ValidateLoginpageTest" name="creatloginTest" time="17.107"/>
  <system-out/>
  <testcase classname="com.vtiger.login.ValidateLoginpageTest" name="creatloginTest" time="20.659"/>
  <system-out/>
</testsuite> <!-- com.vtiger.login.ValidateLoginpageTest -->
