<?xml version="1.0" encoding="UTF-8"?>
<!-- Generated by org.testng.reporters.JUnitReportReporter -->
<testsuite hostname="ROOPA" failures="0" tests="3" name="com.vtiger.login.file" time="0.011" errors="0" timestamp="2022-06-26T09:51:06 GMT-04:00" skipped="0">
  <testcase classname="com.vtiger.login.file" name="test2" time="0.009"/>
  <system-out/>
  <testcase classname="com.vtiger.login.file" name="test1" time="0.001"/>
  <system-out/>
  <testcase classname="com.vtiger.login.file" name="test3" time="0.001"/>
  <system-out/>
</testsuite> <!-- com.vtiger.login.file -->
